Analysis & Synthesis report for led
Thu Sep 03 16:36:35 2020
Quartus Prime Version 18.1.0 Build 625 09/12/2018 SJ Lite Edition


---------------------
; Table of Contents ;
---------------------
  1. Legal Notice
  2. Analysis & Synthesis Summary
  3. Analysis & Synthesis Settings
  4. Parallel Compilation
  5. Analysis & Synthesis Source Files Read
  6. Analysis & Synthesis Resource Usage Summary
  7. Analysis & Synthesis Resource Utilization by Entity
  8. State Machine - |led|SPI_16bit:u_SPI_16bit|state
  9. Registers Removed During Synthesis
 10. General Register Statistics
 11. Multiplexer Restructuring Statistics (Restructuring Performed)
 12. Post-Synthesis Netlist Statistics for Top Partition
 13. Elapsed Time Per Partition
 14. Analysis & Synthesis Messages
 15. Analysis & Synthesis Suppressed Messages



----------------
; Legal Notice ;
----------------
Copyright (C) 2018  Intel Corporation. All rights reserved.
Your use of Intel Corporation's design tools, logic functions 
and other software and tools, and its AMPP partner logic 
functions, and any output files from any of the foregoing 
(including device programming or simulation files), and any 
associated documentation or information are expressly subject 
to the terms and conditions of the Intel Program License 
Subscription Agreement, the Intel Quartus Prime License Agreement,
the Intel FPGA IP License Agreement, or other applicable license
agreement, including, without limitation, that your use is for
the sole purpose of programming logic devices manufactured by
Intel and sold by Intel or its authorized distributors.  Please
refer to the applicable agreement for further details.



+----------------------------------------------------------------------------------+
; Analysis & Synthesis Summary                                                     ;
+------------------------------------+---------------------------------------------+
; Analysis & Synthesis Status        ; Successful - Thu Sep 03 16:36:35 2020       ;
; Quartus Prime Version              ; 18.1.0 Build 625 09/12/2018 SJ Lite Edition ;
; Revision Name                      ; led                                         ;
; Top-level Entity Name              ; led                                         ;
; Family                             ; MAX 10                                      ;
; Total logic elements               ; 161                                         ;
;     Total combinational functions  ; 138                                         ;
;     Dedicated logic registers      ; 112                                         ;
; Total registers                    ; 112                                         ;
; Total pins                         ; 7                                           ;
; Total virtual pins                 ; 0                                           ;
; Total memory bits                  ; 0                                           ;
; Embedded Multiplier 9-bit elements ; 0                                           ;
; Total PLLs                         ; 0                                           ;
; UFM blocks                         ; 0                                           ;
; ADC blocks                         ; 0                                           ;
+------------------------------------+---------------------------------------------+


+------------------------------------------------------------------------------------------------------------+
; Analysis & Synthesis Settings                                                                              ;
+------------------------------------------------------------------+--------------------+--------------------+
; Option                                                           ; Setting            ; Default Value      ;
+------------------------------------------------------------------+--------------------+--------------------+
; Device                                                           ; 10M08SCM153C8G     ;                    ;
; Top-level entity name                                            ; led                ; led                ;
; Family name                                                      ; MAX 10             ; Cyclone V          ;
; Use smart compilation                                            ; Off                ; Off                ;
; Enable parallel Assembler and Timing Analyzer during compilation ; On                 ; On                 ;
; Enable compact report table                                      ; Off                ; Off                ;
; Restructure Multiplexers                                         ; Auto               ; Auto               ;
; Create Debugging Nodes for IP Cores                              ; Off                ; Off                ;
; Preserve fewer node names                                        ; On                 ; On                 ;
; Intel FPGA IP Evaluation Mode                                    ; Enable             ; Enable             ;
; Verilog Version                                                  ; Verilog_2001       ; Verilog_2001       ;
; VHDL Version                                                     ; VHDL_1993          ; VHDL_1993          ;
; State Machine Processing                                         ; Auto               ; Auto               ;
; Safe State Machine                                               ; Off                ; Off                ;
; Extract Verilog State Machines                                   ; On                 ; On                 ;
; Extract VHDL State Machines                                      ; On                 ; On                 ;
; Ignore Verilog initial constructs                                ; Off                ; Off                ;
; Iteration limit for constant Verilog loops                       ; 5000               ; 5000               ;
; Iteration limit for non-constant Verilog loops                   ; 250                ; 250                ;
; Add Pass-Through Logic to Inferred RAMs                          ; On                 ; On                 ;
; Infer RAMs from Raw Logic                                        ; On                 ; On                 ;
; Parallel Synthesis                                               ; On                 ; On                 ;
; DSP Block Balancing                                              ; Auto               ; Auto               ;
; NOT Gate Push-Back                                               ; On                 ; On                 ;
; Power-Up Don't Care                                              ; On                 ; On                 ;
; Remove Redundant Logic Cells                                     ; Off                ; Off                ;
; Remove Duplicate Registers                                       ; On                 ; On                 ;
; Ignore CARRY Buffers                                             ; Off                ; Off                ;
; Ignore CASCADE Buffers                                           ; Off                ; Off                ;
; Ignore GLOBAL Buffers                                            ; Off                ; Off                ;
; Ignore ROW GLOBAL Buffers                                        ; Off                ; Off                ;
; Ignore LCELL Buffers                                             ; Off                ; Off                ;
; Ignore SOFT Buffers                                              ; On                 ; On                 ;
; Limit AHDL Integers to 32 Bits                                   ; Off                ; Off                ;
; Optimization Technique                                           ; Balanced           ; Balanced           ;
; Carry Chain Length                                               ; 70                 ; 70                 ;
; Auto Carry Chains                                                ; On                 ; On                 ;
; Auto Open-Drain Pins                                             ; On                 ; On                 ;
; Perform WYSIWYG Primitive Resynthesis                            ; Off                ; Off                ;
; Auto ROM Replacement                                             ; On                 ; On                 ;
; Auto RAM Replacement                                             ; On                 ; On                 ;
; Auto DSP Block Replacement                                       ; On                 ; On                 ;
; Auto Shift Register Replacement                                  ; Auto               ; Auto               ;
; Allow Shift Register Merging across Hierarchies                  ; Auto               ; Auto               ;
; Auto Clock Enable Replacement                                    ; On                 ; On                 ;
; Strict RAM Replacement                                           ; Off                ; Off                ;
; Allow Synchronous Control Signals                                ; On                 ; On                 ;
; Force Use of Synchronous Clear Signals                           ; Off                ; Off                ;
; Auto RAM Block Balancing                                         ; On                 ; On                 ;
; Auto RAM to Logic Cell Conversion                                ; Off                ; Off                ;
; Auto Resource Sharing                                            ; Off                ; Off                ;
; Allow Any RAM Size For Recognition                               ; Off                ; Off                ;
; Allow Any ROM Size For Recognition                               ; Off                ; Off                ;
; Allow Any Shift Register Size For Recognition                    ; Off                ; Off                ;
; Use LogicLock Constraints during Resource Balancing              ; On                 ; On                 ;
; Ignore translate_off and synthesis_off directives                ; Off                ; Off                ;
; Timing-Driven Synthesis                                          ; On                 ; On                 ;
; Report Parameter Settings                                        ; On                 ; On                 ;
; Report Source Assignments                                        ; On                 ; On                 ;
; Report Connectivity Checks                                       ; On                 ; On                 ;
; Ignore Maximum Fan-Out Assignments                               ; Off                ; Off                ;
; Synchronization Register Chain Length                            ; 2                  ; 2                  ;
; Power Optimization During Synthesis                              ; Normal compilation ; Normal compilation ;
; HDL message level                                                ; Level2             ; Level2             ;
; Suppress Register Optimization Related Messages                  ; Off                ; Off                ;
; Number of Removed Registers Reported in Synthesis Report         ; 5000               ; 5000               ;
; Number of Swept Nodes Reported in Synthesis Report               ; 5000               ; 5000               ;
; Number of Inverted Registers Reported in Synthesis Report        ; 100                ; 100                ;
; Clock MUX Protection                                             ; On                 ; On                 ;
; Auto Gated Clock Conversion                                      ; Off                ; Off                ;
; Block Design Naming                                              ; Auto               ; Auto               ;
; SDC constraint protection                                        ; Off                ; Off                ;
; Synthesis Effort                                                 ; Auto               ; Auto               ;
; Shift Register Replacement - Allow Asynchronous Clear Signal     ; On                 ; On                 ;
; Pre-Mapping Resynthesis Optimization                             ; Off                ; Off                ;
; Analysis & Synthesis Message Level                               ; Medium             ; Medium             ;
; Disable Register Merging Across Hierarchies                      ; Auto               ; Auto               ;
; Resource Aware Inference For Block RAM                           ; On                 ; On                 ;
+------------------------------------------------------------------+--------------------+--------------------+


+------------------------------------------+
; Parallel Compilation                     ;
+----------------------------+-------------+
; Processors                 ; Number      ;
+----------------------------+-------------+
; Number detected on machine ; 8           ;
; Maximum allowed            ; 4           ;
;                            ;             ;
; Average used               ; 1.00        ;
; Maximum used               ; 4           ;
;                            ;             ;
; Usage by Processor         ; % Time Used ;
;     Processor 1            ; 100.0%      ;
;     Processor 2            ;   0.0%      ;
;     Processors 3-4         ;   0.0%      ;
+----------------------------+-------------+


+---------------------------------------------------------------------------------------------------------------------------------------------------------+
; Analysis & Synthesis Source Files Read                                                                                                                  ;
+----------------------------------+-----------------+------------------------------+-----------------------------------------------------------+---------+
; File Name with User-Entered Path ; Used in Netlist ; File Type                    ; File Name with Absolute Path                              ; Library ;
+----------------------------------+-----------------+------------------------------+-----------------------------------------------------------+---------+
; led.v                            ; yes             ; User Verilog HDL File        ; T:/FPGA/STEP-MAX10/manchester_SPI_9_3/led.v               ;         ;
; spi_16bit.v                      ; yes             ; Auto-Found Verilog HDL File  ; T:/FPGA/STEP-MAX10/manchester_SPI_9_3/spi_16bit.v         ;         ;
; clk_div_3us.v                    ; yes             ; Auto-Found Verilog HDL File  ; T:/FPGA/STEP-MAX10/manchester_SPI_9_3/clk_div_3us.v       ;         ;
; man_coding_master.v              ; yes             ; Auto-Found Verilog HDL File  ; T:/FPGA/STEP-MAX10/manchester_SPI_9_3/man_coding_master.v ;         ;
+----------------------------------+-----------------+------------------------------+-----------------------------------------------------------+---------+


+------------------------------------------------------------+
; Analysis & Synthesis Resource Usage Summary                ;
+---------------------------------------------+--------------+
; Resource                                    ; Usage        ;
+---------------------------------------------+--------------+
; Estimated Total logic elements              ; 161          ;
;                                             ;              ;
; Total combinational functions               ; 138          ;
; Logic element usage by number of LUT inputs ;              ;
;     -- 4 input functions                    ; 48           ;
;     -- 3 input functions                    ; 52           ;
;     -- <=2 input functions                  ; 38           ;
;                                             ;              ;
; Logic elements by mode                      ;              ;
;     -- normal mode                          ; 111          ;
;     -- arithmetic mode                      ; 27           ;
;                                             ;              ;
; Total registers                             ; 112          ;
;     -- Dedicated logic registers            ; 112          ;
;     -- I/O registers                        ; 0            ;
;                                             ;              ;
; I/O pins                                    ; 7            ;
;                                             ;              ;
; Embedded Multiplier 9-bit elements          ; 0            ;
;                                             ;              ;
; Maximum fan-out node                        ; clk_in~input ;
; Maximum fan-out                             ; 75           ;
; Total fan-out                               ; 767          ;
; Average fan-out                             ; 2.91         ;
+---------------------------------------------+--------------+


+---------------------------------------------------------------------------------------------------------------------------------------------------------------------------------------------------------------------------------------------------------------------------------+
; Analysis & Synthesis Resource Utilization by Entity                                                                                                                                                                                                                             ;
+--------------------------------------------+---------------------+---------------------------+-------------+------------+--------------+---------+-----------+------+--------------+------------+--------------------------------------------+-------------------+--------------+
; Compilation Hierarchy Node                 ; Combinational ALUTs ; Dedicated Logic Registers ; Memory Bits ; UFM Blocks ; DSP Elements ; DSP 9x9 ; DSP 18x18 ; Pins ; Virtual Pins ; ADC blocks ; Full Hierarchy Name                        ; Entity Name       ; Library Name ;
+--------------------------------------------+---------------------+---------------------------+-------------+------------+--------------+---------+-----------+------+--------------+------------+--------------------------------------------+-------------------+--------------+
; |led                                       ; 138 (0)             ; 112 (0)                   ; 0           ; 0          ; 0            ; 0       ; 0         ; 7    ; 0            ; 0          ; |led                                       ;                   ;              ;
;    |SPI_16bit:u_SPI_16bit|                 ; 76 (76)             ; 66 (66)                   ; 0           ; 0          ; 0            ; 0       ; 0         ; 0    ; 0            ; 0          ; |led|SPI_16bit:u_SPI_16bit                 ; SPI_16bit         ; work         ;
;    |clk_div_3us:u_clk_div_3us|             ; 13 (13)             ; 9 (9)                     ; 0           ; 0          ; 0            ; 0       ; 0         ; 0    ; 0            ; 0          ; |led|clk_div_3us:u_clk_div_3us             ; clk_div_3us       ; work         ;
;    |man_coding_master:u_man_coding_master| ; 49 (49)             ; 37 (37)                   ; 0           ; 0          ; 0            ; 0       ; 0         ; 0    ; 0            ; 0          ; |led|man_coding_master:u_man_coding_master ; man_coding_master ; work         ;
+--------------------------------------------+---------------------+---------------------------+-------------+------------+--------------+---------+-----------+------+--------------+------------+--------------------------------------------+-------------------+--------------+
Note: For table entries with two numbers listed, the numbers in parentheses indicate the number of resources of the given type used by the specific entity alone. The numbers listed outside of parentheses indicate the total resources of the given type used by the specific entity and all of its sub-entities in the hierarchy.


Encoding Type:  One-Hot
+--------------------------------------------------+
; State Machine - |led|SPI_16bit:u_SPI_16bit|state ;
+-----------+--------------------------------------+
; Name      ; state.001                            ;
+-----------+--------------------------------------+
; state.000 ; 0                                    ;
; state.001 ; 1                                    ;
+-----------+--------------------------------------+


+------------------------------------------------------------+
; Registers Removed During Synthesis                         ;
+---------------------------------------+--------------------+
; Register name                         ; Reason for Removal ;
+---------------------------------------+--------------------+
; SPI_16bit:u_SPI_16bit|state~5         ; Lost fanout        ;
; SPI_16bit:u_SPI_16bit|state~6         ; Lost fanout        ;
; Total Number of Removed Registers = 2 ;                    ;
+---------------------------------------+--------------------+


+------------------------------------------------------+
; General Register Statistics                          ;
+----------------------------------------------+-------+
; Statistic                                    ; Value ;
+----------------------------------------------+-------+
; Total registers                              ; 112   ;
; Number of registers using Synchronous Clear  ; 5     ;
; Number of registers using Synchronous Load   ; 25    ;
; Number of registers using Asynchronous Clear ; 9     ;
; Number of registers using Asynchronous Load  ; 0     ;
; Number of registers using Clock Enable       ; 50    ;
; Number of registers using Preset             ; 0     ;
+----------------------------------------------+-------+


+-----------------------------------------------------------------------------------------------------------------------------------------------------+
; Multiplexer Restructuring Statistics (Restructuring Performed)                                                                                      ;
+--------------------+-----------+---------------+----------------------+------------------------+------------+---------------------------------------+
; Multiplexer Inputs ; Bus Width ; Baseline Area ; Area if Restructured ; Saving if Restructured ; Registered ; Example Multiplexer Output            ;
+--------------------+-----------+---------------+----------------------+------------------------+------------+---------------------------------------+
; 3:1                ; 15 bits   ; 30 LEs        ; 15 LEs               ; 15 LEs                 ; Yes        ; |led|SPI_16bit:u_SPI_16bit|tx_buf[12] ;
; 3:1                ; 5 bits    ; 10 LEs        ; 10 LEs               ; 0 LEs                  ; Yes        ; |led|SPI_16bit:u_SPI_16bit|cnt_neg[3] ;
; 4:1                ; 15 bits   ; 30 LEs        ; 30 LEs               ; 0 LEs                  ; Yes        ; |led|SPI_16bit:u_SPI_16bit|rx_buf[11] ;
+--------------------+-----------+---------------+----------------------+------------------------+------------+---------------------------------------+


+-----------------------------------------------------+
; Post-Synthesis Netlist Statistics for Top Partition ;
+-----------------------+-----------------------------+
; Type                  ; Count                       ;
+-----------------------+-----------------------------+
; boundary_port         ; 7                           ;
; cycloneiii_ff         ; 112                         ;
;     CLR               ; 9                           ;
;     ENA               ; 50                          ;
;     SCLR              ; 5                           ;
;     SLD               ; 25                          ;
;     plain             ; 23                          ;
; cycloneiii_lcell_comb ; 138                         ;
;     arith             ; 27                          ;
;         2 data inputs ; 21                          ;
;         3 data inputs ; 6                           ;
;     normal            ; 111                         ;
;         1 data inputs ; 3                           ;
;         2 data inputs ; 14                          ;
;         3 data inputs ; 46                          ;
;         4 data inputs ; 48                          ;
;                       ;                             ;
; Max LUT depth         ; 5.00                        ;
; Average LUT depth     ; 2.39                        ;
+-----------------------+-----------------------------+


+-------------------------------+
; Elapsed Time Per Partition    ;
+----------------+--------------+
; Partition Name ; Elapsed Time ;
+----------------+--------------+
; Top            ; 00:00:00     ;
+----------------+--------------+


+-------------------------------+
; Analysis & Synthesis Messages ;
+-------------------------------+
Info: *******************************************************************
Info: Running Quartus Prime Analysis & Synthesis
    Info: Version 18.1.0 Build 625 09/12/2018 SJ Lite Edition
    Info: Processing started: Thu Sep 03 16:36:23 2020
Info: Command: quartus_map --read_settings_files=on --write_settings_files=off led -c led
Warning (18236): Number of processors has not been specified which may cause overloading on shared machines.  Set the global assignment NUM_PARALLEL_PROCESSORS in your QSF to an appropriate value for best performance.
Info (20030): Parallel compilation is enabled and will use 4 of the 4 processors detected
Info (12021): Found 1 design units, including 1 entities, in source file led.v
    Info (12023): Found entity 1: led File: T:/FPGA/STEP-MAX10/manchester_SPI_9_3/led.v Line: 18
Info (12021): Found 1 design units, including 1 entities, in source file count_num.v
    Info (12023): Found entity 1: count_num File: T:/FPGA/STEP-MAX10/manchester_SPI_9_3/count_num.v Line: 2
Info (12021): Found 1 design units, including 1 entities, in source file left_shifter.v
    Info (12023): Found entity 1: left_shifter File: T:/FPGA/STEP-MAX10/manchester_SPI_9_3/left_shifter.v Line: 1
Info (12021): Found 1 design units, including 1 entities, in source file sck_generate.v
    Info (12023): Found entity 1: sck_generate File: T:/FPGA/STEP-MAX10/manchester_SPI_9_3/sck_generate.v Line: 3
Info (12021): Found 1 design units, including 1 entities, in source file spi.v
    Info (12023): Found entity 1: SPI File: T:/FPGA/STEP-MAX10/manchester_SPI_9_3/SPI.v Line: 1
Info (12021): Found 1 design units, including 1 entities, in source file man_coding.v
    Info (12023): Found entity 1: man_coding File: T:/FPGA/STEP-MAX10/manchester_SPI_9_3/man_coding.v Line: 2
Warning (10236): Verilog HDL Implicit Net warning at led.v(58): created implicit net for "rx_flag" File: T:/FPGA/STEP-MAX10/manchester_SPI_9_3/led.v Line: 58
Info (12127): Elaborating entity "led" for the top level hierarchy
Warning (12125): Using design file spi_16bit.v, which is not specified as a design file for the current project, but contains definitions for 1 design units and 1 entities in project
    Info (12023): Found entity 1: SPI_16bit File: T:/FPGA/STEP-MAX10/manchester_SPI_9_3/spi_16bit.v Line: 1
Info (12128): Elaborating entity "SPI_16bit" for hierarchy "SPI_16bit:u_SPI_16bit" File: T:/FPGA/STEP-MAX10/manchester_SPI_9_3/led.v Line: 59
Warning (10230): Verilog HDL assignment warning at spi_16bit.v(70): truncated value with size 32 to match size of target (5) File: T:/FPGA/STEP-MAX10/manchester_SPI_9_3/spi_16bit.v Line: 70
Warning (12125): Using design file clk_div_3us.v, which is not specified as a design file for the current project, but contains definitions for 1 design units and 1 entities in project
    Info (12023): Found entity 1: clk_div_3us File: T:/FPGA/STEP-MAX10/manchester_SPI_9_3/clk_div_3us.v Line: 1
Info (12128): Elaborating entity "clk_div_3us" for hierarchy "clk_div_3us:u_clk_div_3us" File: T:/FPGA/STEP-MAX10/manchester_SPI_9_3/led.v Line: 69
Warning (10230): Verilog HDL assignment warning at clk_div_3us.v(24): truncated value with size 32 to match size of target (8) File: T:/FPGA/STEP-MAX10/manchester_SPI_9_3/clk_div_3us.v Line: 24
Warning (12125): Using design file man_coding_master.v, which is not specified as a design file for the current project, but contains definitions for 1 design units and 1 entities in project
    Info (12023): Found entity 1: man_coding_master File: T:/FPGA/STEP-MAX10/manchester_SPI_9_3/man_coding_master.v Line: 1
Info (12128): Elaborating entity "man_coding_master" for hierarchy "man_coding_master:u_man_coding_master" File: T:/FPGA/STEP-MAX10/manchester_SPI_9_3/led.v Line: 81
Warning (10230): Verilog HDL assignment warning at man_coding_master.v(51): truncated value with size 4 to match size of target (1) File: T:/FPGA/STEP-MAX10/manchester_SPI_9_3/man_coding_master.v Line: 51
Warning (10230): Verilog HDL assignment warning at man_coding_master.v(62): truncated value with size 32 to match size of target (6) File: T:/FPGA/STEP-MAX10/manchester_SPI_9_3/man_coding_master.v Line: 62
Info (286030): Timing-Driven Synthesis is running
Info (17049): 2 registers lost all their fanouts during netlist optimizations.
Info (144001): Generated suppressed messages file T:/FPGA/STEP-MAX10/manchester_SPI_9_3/output_files/led.map.smsg
Info (16010): Generating hard_block partition "hard_block:auto_generated_inst"
    Info (16011): Adding 0 node(s), including 0 DDIO, 0 PLL, 0 transceiver and 0 LCELL
Info (21057): Implemented 192 device resources after synthesis - the final resource count might be different
    Info (21058): Implemented 5 input pins
    Info (21059): Implemented 2 output pins
    Info (21061): Implemented 185 logic cells
Info: Quartus Prime Analysis & Synthesis was successful. 0 errors, 9 warnings
    Info: Peak virtual memory: 4769 megabytes
    Info: Processing ended: Thu Sep 03 16:36:35 2020
    Info: Elapsed time: 00:00:12
    Info: Total CPU time (on all processors): 00:00:26


+------------------------------------------+
; Analysis & Synthesis Suppressed Messages ;
+------------------------------------------+
The suppressed messages can be found in T:/FPGA/STEP-MAX10/manchester_SPI_9_3/output_files/led.map.smsg.


